  [1m[35m (223.3ms)[0m  [1m[35mCREATE DATABASE "CastAway_development" ENCODING = 'unicode'[0m
  [1m[35m (146.3ms)[0m  [1m[35mCREATE DATABASE "CastAway_test" ENCODING = 'unicode'[0m
  [1m[35m (25.5ms)[0m  [1m[35mCREATE TABLE "schema_migrations" ("version" character varying NOT NULL PRIMARY KEY)[0m
  [1m[35m (9.5ms)[0m  [1m[35mCREATE TABLE "ar_internal_metadata" ("key" character varying NOT NULL PRIMARY KEY, "value" character varying, "created_at" timestamp(6) NOT NULL, "updated_at" timestamp(6) NOT NULL)[0m
  [1m[35m (7.3ms)[0m  [1m[34mSELECT pg_try_advisory_lock(6958938882785727390)[0m
  [1m[35m (0.8ms)[0m  [1m[34mSELECT "schema_migrations"."version" FROM "schema_migrations" ORDER BY "schema_migrations"."version" ASC[0m
Migrating to CreateAdmin (20200610152859)
  [1m[35m (0.4ms)[0m  [1m[35mBEGIN[0m
  [1m[35m (128.1ms)[0m  [1m[35mCREATE TABLE "admins" ("id" bigserial primary key, "username" character varying, "specialy" character varying)[0m
  [1m[36mprimary::SchemaMigration Create (0.8ms)[0m  [1m[32mINSERT INTO "schema_migrations" ("version") VALUES ($1) RETURNING "version"[0m  [["version", "20200610152859"]]
  [1m[35m (1.3ms)[0m  [1m[35mCOMMIT[0m
Migrating to CreateProjects (20200610154157)
  [1m[35m (0.4ms)[0m  [1m[35mBEGIN[0m
  [1m[35m (11.7ms)[0m  [1m[35mCREATE TABLE "projects" ("id" bigserial primary key, "garment_type" character varying, "instruction" character varying, "admins_id" bigint NOT NULL, CONSTRAINT "fk_rails_f9f66890b0"
FOREIGN KEY ("admins_id")
  REFERENCES "admins" ("id")
)[0m
  [1m[35m (1.4ms)[0m  [1m[35mCREATE  INDEX  "index_projects_on_admins_id" ON "projects"  ("admins_id")[0m
  [1m[36mprimary::SchemaMigration Create (0.2ms)[0m  [1m[32mINSERT INTO "schema_migrations" ("version") VALUES ($1) RETURNING "version"[0m  [["version", "20200610154157"]]
  [1m[35m (0.3ms)[0m  [1m[35mCOMMIT[0m
Migrating to CreatePattern (20200610154635)
  [1m[35m (0.6ms)[0m  [1m[35mBEGIN[0m
  [1m[35m (11.6ms)[0m  [1m[35mCREATE TABLE "patterns" ("id" bigserial primary key, "name" character varying, "difficulty" character varying, "yarn" character varying, "needle_size" character varying, "gauge" character varying, "projects_id" bigint NOT NULL, "admin_id" bigint NOT NULL, CONSTRAINT "fk_rails_bcd716ae32"
FOREIGN KEY ("projects_id")
  REFERENCES "projects" ("id")
, CONSTRAINT "fk_rails_9b3248dafd"
FOREIGN KEY ("admin_id")
  REFERENCES "admins" ("id")
)[0m
  [1m[35m (1.6ms)[0m  [1m[35mCREATE  INDEX  "index_patterns_on_projects_id" ON "patterns"  ("projects_id")[0m
  [1m[35m (2.4ms)[0m  [1m[35mCREATE  INDEX  "index_patterns_on_admin_id" ON "patterns"  ("admin_id")[0m
  [1m[36mprimary::SchemaMigration Create (0.3ms)[0m  [1m[32mINSERT INTO "schema_migrations" ("version") VALUES ($1) RETURNING "version"[0m  [["version", "20200610154635"]]
  [1m[35m (1.2ms)[0m  [1m[35mCOMMIT[0m
  [1m[36mActiveRecord::InternalMetadata Load (0.6ms)[0m  [1m[34mSELECT "ar_internal_metadata".* FROM "ar_internal_metadata" WHERE "ar_internal_metadata"."key" = $1 LIMIT $2[0m  [["key", "environment"], ["LIMIT", 1]]
  [1m[35m (0.2ms)[0m  [1m[35mBEGIN[0m
  [1m[36mActiveRecord::InternalMetadata Create (1.4ms)[0m  [1m[32mINSERT INTO "ar_internal_metadata" ("key", "value", "created_at", "updated_at") VALUES ($1, $2, $3, $4) RETURNING "key"[0m  [["key", "environment"], ["value", "development"], ["created_at", "2020-06-10 15:58:48.140286"], ["updated_at", "2020-06-10 15:58:48.140286"]]
  [1m[35m (0.4ms)[0m  [1m[35mCOMMIT[0m
  [1m[35m (0.4ms)[0m  [1m[34mSELECT pg_advisory_unlock(6958938882785727390)[0m
  [1m[35m (0.7ms)[0m  [1m[34mSELECT "schema_migrations"."version" FROM "schema_migrations" ORDER BY "schema_migrations"."version" ASC[0m
  [1m[35m (0.3ms)[0m  [1m[34mSELECT pg_try_advisory_lock(6958938882785727390)[0m
  [1m[35m (0.6ms)[0m  [1m[34mSELECT "schema_migrations"."version" FROM "schema_migrations" ORDER BY "schema_migrations"."version" ASC[0m
Migrating to AddPatternsAndProjectsToAdmins (20200610160422)
  [1m[35m (0.2ms)[0m  [1m[35mBEGIN[0m
  [1m[35m (6.6ms)[0m  [1m[35mALTER TABLE "admins" ADD "projects_id" bigint NOT NULL[0m
  [1m[35m (4.9ms)[0m  [1m[35mCREATE  INDEX  "index_admins_on_projects_id" ON "admins"  ("projects_id")[0m
  [1m[35m (5.1ms)[0m  [1m[35mALTER TABLE "admins" ADD CONSTRAINT "fk_rails_c603c84440"
FOREIGN KEY ("projects_id")
  REFERENCES "projects" ("id")
[0m
  [1m[35m (0.4ms)[0m  [1m[35mALTER TABLE "admins" ADD "patterns_id" bigint NOT NULL[0m
  [1m[35m (4.6ms)[0m  [1m[35mCREATE  INDEX  "index_admins_on_patterns_id" ON "admins"  ("patterns_id")[0m
  [1m[35m (3.6ms)[0m  [1m[35mALTER TABLE "admins" ADD CONSTRAINT "fk_rails_f4d830b784"
FOREIGN KEY ("patterns_id")
  REFERENCES "patterns" ("id")
[0m
  [1m[36mprimary::SchemaMigration Create (5.1ms)[0m  [1m[32mINSERT INTO "schema_migrations" ("version") VALUES ($1) RETURNING "version"[0m  [["version", "20200610160422"]]
  [1m[35m (1.5ms)[0m  [1m[35mCOMMIT[0m
  [1m[36mActiveRecord::InternalMetadata Load (0.5ms)[0m  [1m[34mSELECT "ar_internal_metadata".* FROM "ar_internal_metadata" WHERE "ar_internal_metadata"."key" = $1 LIMIT $2[0m  [["key", "environment"], ["LIMIT", 1]]
  [1m[35m (0.7ms)[0m  [1m[34mSELECT pg_advisory_unlock(6958938882785727390)[0m
  [1m[35m (4.0ms)[0m  [1m[34mSELECT "schema_migrations"."version" FROM "schema_migrations" ORDER BY "schema_migrations"."version" ASC[0m
  [1m[35m (0.2ms)[0m  [1m[34mSELECT pg_try_advisory_lock(6958938882785727390)[0m
  [1m[35m (0.7ms)[0m  [1m[34mSELECT "schema_migrations"."version" FROM "schema_migrations" ORDER BY "schema_migrations"."version" ASC[0m
Migrating to AddPatternsToProjects (20200610160640)
  [1m[35m (0.2ms)[0m  [1m[35mBEGIN[0m
  [1m[35m (2.8ms)[0m  [1m[35mALTER TABLE "projects" ADD "patterns_id" bigint NOT NULL[0m
  [1m[35m (6.2ms)[0m  [1m[35mCREATE  INDEX  "index_projects_on_patterns_id" ON "projects"  ("patterns_id")[0m
  [1m[35m (6.6ms)[0m  [1m[35mALTER TABLE "projects" ADD CONSTRAINT "fk_rails_3621ab7fc0"
FOREIGN KEY ("patterns_id")
  REFERENCES "patterns" ("id")
[0m
  [1m[36mprimary::SchemaMigration Create (0.3ms)[0m  [1m[32mINSERT INTO "schema_migrations" ("version") VALUES ($1) RETURNING "version"[0m  [["version", "20200610160640"]]
  [1m[35m (1.1ms)[0m  [1m[35mCOMMIT[0m
  [1m[36mActiveRecord::InternalMetadata Load (0.4ms)[0m  [1m[34mSELECT "ar_internal_metadata".* FROM "ar_internal_metadata" WHERE "ar_internal_metadata"."key" = $1 LIMIT $2[0m  [["key", "environment"], ["LIMIT", 1]]
  [1m[35m (0.3ms)[0m  [1m[34mSELECT pg_advisory_unlock(6958938882785727390)[0m
  [1m[35m (0.6ms)[0m  [1m[34mSELECT "schema_migrations"."version" FROM "schema_migrations" ORDER BY "schema_migrations"."version" ASC[0m
  [1m[35m (0.8ms)[0m  [1m[34mSELECT pg_try_advisory_lock(6958938882785727390)[0m
  [1m[35m (1.0ms)[0m  [1m[34mSELECT "schema_migrations"."version" FROM "schema_migrations" ORDER BY "schema_migrations"."version" ASC[0m
Migrating to AddEmailToAdmins (20200610162205)
  [1m[35m (0.2ms)[0m  [1m[35mBEGIN[0m
  [1m[35m (8.2ms)[0m  [1m[35mALTER TABLE "admins" ADD "email" character varying[0m
  [1m[36mprimary::SchemaMigration Create (0.2ms)[0m  [1m[32mINSERT INTO "schema_migrations" ("version") VALUES ($1) RETURNING "version"[0m  [["version", "20200610162205"]]
  [1m[35m (0.9ms)[0m  [1m[35mCOMMIT[0m
Migrating to AddPasswordToAdmins (20200610162252)
  [1m[35m (0.1ms)[0m  [1m[35mBEGIN[0m
  [1m[35m (1.3ms)[0m  [1m[35mALTER TABLE "admins" ADD "password_digest" character varying[0m
  [1m[36mprimary::SchemaMigration Create (0.3ms)[0m  [1m[32mINSERT INTO "schema_migrations" ("version") VALUES ($1) RETURNING "version"[0m  [["version", "20200610162252"]]
  [1m[35m (0.3ms)[0m  [1m[35mCOMMIT[0m
  [1m[36mActiveRecord::InternalMetadata Load (5.4ms)[0m  [1m[34mSELECT "ar_internal_metadata".* FROM "ar_internal_metadata" WHERE "ar_internal_metadata"."key" = $1 LIMIT $2[0m  [["key", "environment"], ["LIMIT", 1]]
  [1m[35m (0.2ms)[0m  [1m[34mSELECT pg_advisory_unlock(6958938882785727390)[0m
  [1m[35m (0.5ms)[0m  [1m[34mSELECT "schema_migrations"."version" FROM "schema_migrations" ORDER BY "schema_migrations"."version" ASC[0m
